Starting VSOL5 version 0.0.2
Entered Ctrl.
Starting VSOL5 version 0.0.2
Entered Ctrl.
Brightness: 0,00 %
Contrast: 0,00 %
Starting VSOL5 version 0.0.2
Entered Ctrl.
Brightness: 0,00 %
Contrast: 0,00 %
Starting VSOL5 version 0.0.2
Entered Ctrl.
Brightness: 0,00 %
Contrast: 0,00 %
Starting VSOL5 version 0.0.2
Entered Ctrl.
Brightness: 0,00 %
Contrast: 0,00 %
Brightness: 0,00 %
Contrast: 0,00 %
Brightness: 0,00 %
Contrast: 0,00 %
Brightness: 0,00 %
Contrast: 0,00 %
Brightness: 0,00 %
Contrast: 0,00 %
Brightness: 0,00 %
Contrast: 0,00 %
Brightness: 0,00 %
Contrast: 0,00 %
Brightness: 0,00 %
Contrast: 0,00 %
Brightness: 0,00 %
Contrast: 0,00 %
Brightness: 0,00 %
Contrast: 0,00 %
Brightness: 0,00 %
Contrast: 0,00 %
Brightness: 0,00 %
Contrast: 0,00 %
Brightness: 0,00 %
Contrast: 0,00 %
Brightness: 0,00 %
Contrast: 0,00 %
Brightness: 0,00 %
Contrast: 0,00 %
Closing VSOL5.
Starting VSOL5 version 0.0.2
Entered Ctrl.
Brightness: 0,00 %
Contrast: 0,00 %
Brightness: 0,00 %
Contrast: 0,00 %
Brightness: 0,00 %
Contrast: 0,00 %
Brightness: 0,00 %
Contrast: 0,00 %
Brightness: 0,00 %
Contrast: 0,00 %
Brightness: 0,00 %
Contrast: 0,00 %
Brightness: 0,00 %
Contrast: 0,00 %
Brightness: 0,00 %
Contrast: 0,00 %
Brightness: 0,00 %
Contrast: 0,00 %
Brightness: 0,00 %
Contrast: 0,00 %
Brightness: 0,00 %
Contrast: 0,00 %
Brightness: 0,00 %
Contrast: 0,00 %
Brightness: 0,00 %
Contrast: 0,00 %
Brightness: 0,00 %
Contrast: 0,00 %
Brightness: 0,00 %
Contrast: 0,00 %
Brightness: 0,00 %
Contrast: 0,00 %
Brightness: 0,00 %
Contrast: 0,00 %
Closing VSOL5.
Starting VSOL5 version 0.0.2
Entered Ctrl.
Brightness: 0,00 %
Contrast: 0,00 %
Brightness: 0,00 %
Contrast: 0,00 %
Brightness: 0,00 %
Contrast: 0,00 %
org.im4java.core.CommandException: org.im4java.core.CommandException: gm convert: Unable to open file (C:\Sandbox\1.jpg_2) [No such file or directory].
org.im4java.core.CommandException: org.im4java.core.CommandException: gm convert: Unable to open file (C:\Sandbox\1.jpg_2) [No such file or directory].
org.im4java.core.CommandException: org.im4java.core.CommandException: gm convert: Unable to open file (C:\Sandbox\1.jpg_2) [No such file or directory].
org.im4java.core.CommandException: org.im4java.core.CommandException: gm convert: Unable to open file (C:\Sandbox\1.jpg_2) [No such file or directory].
org.im4java.core.CommandException: org.im4java.core.CommandException: gm convert: Unable to open file (C:\Sandbox\1.jpg_2) [No such file or directory].
org.im4java.core.CommandException: org.im4java.core.CommandException: gm convert: Unable to open file (C:\Sandbox\1.jpg_2) [No such file or directory].
org.im4java.core.CommandException: org.im4java.core.CommandException: gm convert: Unable to open file (C:\Sandbox\1.jpg_2) [No such file or directory].
Closing VSOL5.
Starting VSOL5 version 0.0.2
Entered Ctrl.
Closing VSOL5.
Starting VSOL5 version 0.0.2
Entered Ctrl.
org.im4java.core.CommandException: org.im4java.core.CommandException: gm convert: Unable to open file (C:\Sandbox\examplepic.jpg_12) [No such file or directory].
org.im4java.core.CommandException: org.im4java.core.CommandException: gm convert: Unable to open file (C:\Sandbox\examplepic.jpg_12) [No such file or directory].
org.im4java.core.CommandException: org.im4java.core.CommandException: gm convert: Unable to open file (C:\Sandbox\examplepic.jpg_12) [No such file or directory].
org.im4java.core.CommandException: org.im4java.core.CommandException: gm convert: Unable to open file (C:\Sandbox\examplepic.jpg_12) [No such file or directory].
Closing VSOL5.
Starting VSOL5 version 0.0.2
Entered Ctrl.
Starting VSOL5 version 0.0.2
Entered Ctrl.
Closing VSOL5.
Starting VSOL5 version 0.0.2
Entered Ctrl.
Closing VSOL5.
Starting VSOL5 version 0.0.2
Entered Ctrl.
Starting VSOL5 version 0.0.2
Entered Ctrl.
Starting VSOL5 version 0.0.2
Entered Ctrl.
Starting VSOL5 version 0.0.2
Entered Ctrl.
Starting VSOL5 version 0.0.2
Entered Ctrl.
Starting VSOL5 version 0.0.2
Entered Ctrl.
Starting VSOL5 version 0.0.2
Entered Ctrl.
Closing VSOL5.
Starting VSOL5 version 0.0.2
Entered Ctrl.
Starting VSOL5 version 0.0.2
Entered Ctrl.
Starting VSOL5 version 0.0.2
Entered Ctrl.
Starting VSOL5 version 0.0.2
Entered Ctrl.
Starting VSOL5 version 0.0.2
Entered Ctrl.
Closing VSOL5.
Starting VSOL5 version 0.0.2
Entered Ctrl.
Closing VSOL5.
Starting VSOL5 version 0.0.2
Entered Ctrl.
Closing VSOL5.
Starting VSOL5 version 0.0.2
Entered Ctrl.
Starting VSOL5 version 0.0.2
Entered Ctrl.
Starting VSOL5 version 0.0.2
Entered Ctrl.
Starting VSOL5 version 0.0.2
Entered Ctrl.
Closing VSOL5.
Starting VSOL5 version 0.0.2
Entered Ctrl.
Closing VSOL5.
Starting VSOL5 version 0.0.2
Entered Ctrl.
Closing VSOL5.
Starting VSOL5 version 0.0.2
Entered Ctrl.
Closing VSOL5.
Starting VSOL5 version 0.0.2
Entered Ctrl.
Closing VSOL5.
Starting VSOL5 version 0.0.2
Entered Ctrl.
Closing VSOL5.
Starting VSOL5 version 0.0.2
Entered Ctrl.
Closing VSOL5.
Starting VSOL5 version 0.0.2
Entered Ctrl.
Closing VSOL5.
Starting VSOL5 version 0.0.2
Entered Ctrl.
Starting VSOL5 version 0.0.2
Entered Ctrl.
Closing VSOL5.
Starting VSOL5 version 0.0.2
Entered Ctrl.
Closing VSOL5.
Starting VSOL5 version 0.0.2
Entered Ctrl.
Starting VSOL5 version 0.0.2
Entered Ctrl.
Starting VSOL5 version 0.0.2
Entered Ctrl.
Closing VSOL5.
Starting VSOL5 version 0.0.2
Entered Ctrl.
Starting VSOL5 version 0.0.2
Entered Ctrl.
Closing VSOL5.
Starting VSOL5 version 0.0.2
Entered Ctrl.
Starting VSOL5 version 0.0.2
Entered Ctrl.
Closing VSOL5.
Starting VSOL5 version 0.0.2
Entered Ctrl.
Closing VSOL5.
Starting VSOL5 version 0.0.2
Entered Ctrl.
Closing VSOL5.
Starting VSOL5 version 0.0.2
Entered Ctrl.
Starting VSOL5 version 0.0.2
Entered Ctrl.
Starting VSOL5 version 0.0.2
Entered Ctrl.
Starting VSOL5 version 0.0.3
Entered Ctrl.
Closing VSOL5.
Starting VSOL5 version 0.0.3
Entered Ctrl.
Closing VSOL5.
Starting VSOL5 version 0.0.3
Entered Ctrl.
Starting VSOL5 version 0.0.3
Entered Ctrl.
Starting VSOL5 version 0.0.3
Entered Ctrl.
Starting VSOL5 version 0.0.3
Entered Ctrl.
Starting VSOL5 version 0.0.3
Entered Ctrl.
Closing VSOL5.
Starting VSOL5 version 0.0.3
Entered Ctrl.
Closing VSOL5.
Starting VSOL5 version 0.0.3
Entered Ctrl.
Closing VSOL5.
Starting VSOL5 version 0.0.3
Entered Ctrl.
Closing VSOL5.
Starting VSOL5 version 0.0.3
Entered Ctrl.
Closing VSOL5.
Starting VSOL5 version 0.0.3
Entered Ctrl.
Closing VSOL5.
Starting VSOL5 version 0.0.3
Entered Ctrl.
Closing VSOL5.
Starting VSOL5 version 0.0.3
Entered Ctrl.
Closing VSOL5.
Starting VSOL5 version 0.0.3
Entered Ctrl.
Closing VSOL5.
Starting VSOL5 version 0.0.3
Entered Ctrl.
Closing VSOL5.
Starting VSOL5 version 0.0.3
Entered Ctrl.
Closing VSOL5.
Starting VSOL5 version 0.0.3
Entered Ctrl.
Closing VSOL5.
Starting VSOL5 version 0.0.3
Entered Ctrl.
Closing VSOL5.
Starting VSOL5 version 0.0.3
Entered Ctrl.
Closing VSOL5.
Starting VSOL5 version 0.0.3
Entered Ctrl.
Closing VSOL5.
Starting VSOL5 version 0.0.3
Entered Ctrl.
Starting VSOL5 version 0.0.3
Entered Ctrl.
Closing VSOL5.
Starting VSOL5 version 0.0.3
Entered Ctrl.
Closing VSOL5.
Starting VSOL5 version 0.0.3
Entered Ctrl.
Closing VSOL5.
Starting VSOL5 version 0.0.3
Entered Ctrl.
Closing VSOL5.
Starting VSOL5 version 0.0.3
Entered Ctrl.
Closing VSOL5.
Starting VSOL5 version 0.0.3
Entered Ctrl.
Closing VSOL5.
Starting VSOL5 version 0.0.3
Entered Ctrl.
Closing VSOL5.
Starting VSOL5 version 0.0.3
Entered Ctrl.
Closing VSOL5.
Starting VSOL5 version 0.0.3
Entered Ctrl.
Closing VSOL5.
Starting VSOL5 version 0.0.3
Entered Ctrl.
Closing VSOL5.
Starting VSOL5 version 0.0.3
Entered Ctrl.
Closing VSOL5.
Starting VSOL5 version 0.0.3
Entered Ctrl.
Closing VSOL5.
Starting VSOL5 version 0.0.3
Entered Ctrl.
Closing VSOL5.
Starting VSOL5 version 0.0.3
Entered Ctrl.
Closing VSOL5.
Starting VSOL5 version 0.0.3
Entered Ctrl.
Closing VSOL5.
Starting VSOL5 version 0.0.3
Entered Ctrl.
Closing VSOL5.
Starting VSOL5 version 0.0.3
Entered Ctrl.
Closing VSOL5.
Starting VSOL5 version 0.0.3
Entered Ctrl.
Closing VSOL5.
Starting VSOL5 version 0.0.3
Entered Ctrl.
Closing VSOL5.
Starting VSOL5 version 0.0.3
Entered Ctrl.
Closing VSOL5.
Starting VSOL5 version 0.0.3
Entered Ctrl.
Closing VSOL5.
Starting VSOL5 version 0.0.3
Entered Ctrl.
Closing VSOL5.
Starting VSOL5 version 0.0.3
Entered Ctrl.
Closing VSOL5.
Starting VSOL5 version 0.0.3
Entered Ctrl.
Closing VSOL5.
